\BOOKMARK [0][-]{chapter.1}{Wstęp}{}% 1
\BOOKMARK [1][-]{section.1.1}{Cel i układ pracy}{chapter.1}% 2
\BOOKMARK [0][-]{chapter.2}{Wprowadzenie do algorytmów percepcji głębi}{}% 3
\BOOKMARK [1][-]{section.2.1}{Paradygmaty\040uczenia}{chapter.2}% 4
\BOOKMARK [2][-]{subsection.2.1.1}{Uczenie\040nadzorowane}{section.2.1}% 5
\BOOKMARK [2][-]{subsection.2.1.2}{Uczenie\040nienadzorowane}{section.2.1}% 6
\BOOKMARK [2][-]{subsection.2.1.3}{Uczenie częściowo nadzorowane}{section.2.1}% 7
\BOOKMARK [1][-]{section.2.2}{Modele sieci neuronowych w algorytmach percepcji głębi}{chapter.2}% 8
\BOOKMARK [2][-]{subsection.2.2.1}{Konwolucyjne\040sieci\040neuronowe}{section.2.2}% 9
\BOOKMARK [2][-]{subsection.2.2.2}{Transformatory}{section.2.2}% 10
\BOOKMARK [0][-]{chapter.3}{Przegląd istniejących rozwiązań}{}% 11
\BOOKMARK [1][-]{section.3.1}{Algorytmy percepcji głębi}{chapter.3}% 12
\BOOKMARK [2][-]{subsection.3.1.1}{AdelaiDepth}{section.3.1}% 13
\BOOKMARK [2][-]{subsection.3.1.2}{MetaPrompt-SD}{section.3.1}% 14
\BOOKMARK [2][-]{subsection.3.1.3}{EVP}{section.3.1}% 15
\BOOKMARK [2][-]{subsection.3.1.4}{ZoeDepth}{section.3.1}% 16
\BOOKMARK [2][-]{subsection.3.1.5}{Depth\040Anything}{section.3.1}% 17
\BOOKMARK [2][-]{subsection.3.1.6}{UniDepth}{section.3.1}% 18
\BOOKMARK [2][-]{subsection.3.1.7}{Podsumowanie}{section.3.1}% 19
\BOOKMARK [1][-]{section.3.2}{Zbiory\040danych}{chapter.3}% 20
\BOOKMARK [2][-]{subsection.3.2.1}{KITTI\040\(Karlsruhe\040Institute\040of\040Technology\040and\040Toyota\040Technological\040Institute\)}{section.3.2}% 21
\BOOKMARK [2][-]{subsection.3.2.2}{NYUv2\040\(NYU-Depth\040V2\)}{section.3.2}% 22
\BOOKMARK [2][-]{subsection.3.2.3}{DIODE\040\(Dense\040Indoor\040and\040Outdoor\040Depth\)}{section.3.2}% 23
\BOOKMARK [2][-]{subsection.3.2.4}{SUN\040RGB-D}{section.3.2}% 24
\BOOKMARK [2][-]{subsection.3.2.5}{Matterport3D}{section.3.2}% 25
\BOOKMARK [2][-]{subsection.3.2.6}{DDAD\040\(Dense\040Depth\040for\040Autonomous\040Driving\)}{section.3.2}% 26
\BOOKMARK [2][-]{subsection.3.2.7}{Podsumowanie}{section.3.2}% 27
\BOOKMARK [0][-]{chapter.4}{Przedstawienie zastosowanych narzędzi}{}% 28
\BOOKMARK [1][-]{section.4.1}{Język programowania}{chapter.4}% 29
\BOOKMARK [1][-]{section.4.2}{Platforma\040obliczeniowa}{chapter.4}% 30
\BOOKMARK [1][-]{section.4.3}{Zestawy\040danych}{chapter.4}% 31
\BOOKMARK [1][-]{section.4.4}{Narzędzia do analizy i wizualizacji}{chapter.4}% 32
\BOOKMARK [0][-]{chapter.5}{Zbiór danych do analizy porównawczej}{}% 33
\BOOKMARK [0][-]{chapter.6}{Metodologia - opis kryteriów oceny algorytmów}{}% 34
\BOOKMARK [0][-]{chapter.7}{Analiza\040i\040wyniki}{}% 35
\BOOKMARK [0][-]{chapter.8}{Podsumowanie\040i\040wnioski}{}% 36
\BOOKMARK [0][-]{section*.29}{Bibliografia}{}% 37
\BOOKMARK [0][-]{chapter*.31}{Wykaz skrótów i symboli}{}% 38
\BOOKMARK [0][-]{chapter*.32}{Spis rysunków}{}% 39
\BOOKMARK [0][-]{chapter*.33}{Spis\040tabel}{}% 40
\BOOKMARK [0][-]{chapter*.34}{Spis załączników}{}% 41
